0    [main] INFO  org.eclipse.jetty.server.Server  – jetty-8.1.10.v20130312
29   [main] INFO  org.eclipse.jetty.deploy.providers.ScanningAppProvider  – Deployment monitor /home/shubhanshu/blacklight/search_app/jetty/contexts at interval 0
44   [main] INFO  org.eclipse.jetty.deploy.DeploymentManager  – Deployable added: /home/shubhanshu/blacklight/search_app/jetty/contexts/solr.xml
109  [main] INFO  org.eclipse.jetty.webapp.WebInfConfiguration  – Extract jar:file:/home/shubhanshu/blacklight/search_app/jetty/webapps/solr.war!/ to /home/shubhanshu/blacklight/search_app/jetty/solr-webapp/webapp
1833 [main] INFO  org.eclipse.jetty.webapp.StandardDescriptorProcessor  – NO JSP Support for /solr, did not find org.apache.jasper.servlet.JspServlet
1919 [main] INFO  org.apache.solr.servlet.SolrDispatchFilter  – SolrDispatchFilter.init()
1946 [main] INFO  org.apache.solr.core.SolrResourceLoader  – JNDI not configured for solr (NoInitialContextEx)
1947 [main] INFO  org.apache.solr.core.SolrResourceLoader  – using system property solr.solr.home: /home/shubhanshu/blacklight/search_app/jetty/solr
1947 [main] INFO  org.apache.solr.core.SolrResourceLoader  – new SolrResourceLoader for directory: '/home/shubhanshu/blacklight/search_app/jetty/solr/'
1949 [main] INFO  org.apache.solr.core.SolrResourceLoader  – Adding 'file:/home/shubhanshu/blacklight/search_app/jetty/solr/lib/solr-analysis-extras-4.9.0.jar' to classloader
1949 [main] INFO  org.apache.solr.core.SolrResourceLoader  – Adding 'file:/home/shubhanshu/blacklight/search_app/jetty/solr/lib/solr-langid-4.9.0.jar' to classloader
1950 [main] INFO  org.apache.solr.core.SolrResourceLoader  – Adding 'file:/home/shubhanshu/blacklight/search_app/jetty/solr/lib/solr-clustering-4.9.0.jar' to classloader
1950 [main] INFO  org.apache.solr.core.SolrResourceLoader  – Adding 'file:/home/shubhanshu/blacklight/search_app/jetty/solr/lib/contrib/' to classloader
2074 [main] INFO  org.apache.solr.core.ConfigSolr  – Loading container configuration from /home/shubhanshu/blacklight/search_app/jetty/solr/solr.xml
2351 [main] INFO  org.apache.solr.core.CoreContainer  – New CoreContainer 298840026
2353 [main] INFO  org.apache.solr.core.CoreContainer  – Loading cores into CoreContainer [instanceDir=/home/shubhanshu/blacklight/search_app/jetty/solr/]
2356 [main] INFO  org.apache.solr.core.CoreContainer  – loading shared library: /home/shubhanshu/blacklight/search_app/jetty/solr/lib
2357 [main] INFO  org.apache.solr.core.SolrResourceLoader  – Adding 'file:/home/shubhanshu/blacklight/search_app/jetty/solr/lib/solr-analysis-extras-4.9.0.jar' to classloader
2357 [main] INFO  org.apache.solr.core.SolrResourceLoader  – Adding 'file:/home/shubhanshu/blacklight/search_app/jetty/solr/lib/solr-langid-4.9.0.jar' to classloader
2357 [main] INFO  org.apache.solr.core.SolrResourceLoader  – Adding 'file:/home/shubhanshu/blacklight/search_app/jetty/solr/lib/solr-clustering-4.9.0.jar' to classloader
2358 [main] INFO  org.apache.solr.core.SolrResourceLoader  – Adding 'file:/home/shubhanshu/blacklight/search_app/jetty/solr/lib/contrib/' to classloader
2379 [main] INFO  org.apache.solr.handler.component.HttpShardHandlerFactory  – Setting socketTimeout to: 0
2379 [main] INFO  org.apache.solr.handler.component.HttpShardHandlerFactory  – Setting urlScheme to: null
2383 [main] INFO  org.apache.solr.handler.component.HttpShardHandlerFactory  – Setting connTimeout to: 0
2383 [main] INFO  org.apache.solr.handler.component.HttpShardHandlerFactory  – Setting maxConnectionsPerHost to: 20
2384 [main] INFO  org.apache.solr.handler.component.HttpShardHandlerFactory  – Setting corePoolSize to: 0
2384 [main] INFO  org.apache.solr.handler.component.HttpShardHandlerFactory  – Setting maximumPoolSize to: 2147483647
2384 [main] INFO  org.apache.solr.handler.component.HttpShardHandlerFactory  – Setting maxThreadIdleTime to: 5
2384 [main] INFO  org.apache.solr.handler.component.HttpShardHandlerFactory  – Setting sizeOfQueue to: -1
2385 [main] INFO  org.apache.solr.handler.component.HttpShardHandlerFactory  – Setting fairnessPolicy to: false
2665 [main] INFO  org.apache.solr.logging.LogWatcher  – SLF4J impl is org.slf4j.impl.Log4jLoggerFactory
2666 [main] INFO  org.apache.solr.logging.LogWatcher  – Registering Log Listener [Log4j (org.slf4j.impl.Log4jLoggerFactory)]
2667 [main] INFO  org.apache.solr.core.CoreContainer  – Host Name: 
2708 [coreLoadExecutor-5-thread-1] INFO  org.apache.solr.core.SolrResourceLoader  – new SolrResourceLoader for directory: '/home/shubhanshu/blacklight/search_app/jetty/solr/blacklight-core/'
2765 [coreLoadExecutor-5-thread-1] INFO  org.apache.solr.core.SolrConfig  – Adding specified lib dirs to ClassLoader
2766 [coreLoadExecutor-5-thread-1] INFO  org.apache.solr.core.SolrResourceLoader  – Adding 'file:/home/shubhanshu/blacklight/search_app/jetty/solr/lib/contrib/analysis-extras/lib/morfologik-fsa-1.7.1.jar' to classloader
2767 [coreLoadExecutor-5-thread-1] INFO  org.apache.solr.core.SolrResourceLoader  – Adding 'file:/home/shubhanshu/blacklight/search_app/jetty/solr/lib/contrib/analysis-extras/lib/morfologik-polish-1.7.1.jar' to classloader
2767 [coreLoadExecutor-5-thread-1] INFO  org.apache.solr.core.SolrResourceLoader  – Adding 'file:/home/shubhanshu/blacklight/search_app/jetty/solr/lib/contrib/analysis-extras/lib/icu4j-53.1.jar' to classloader
2767 [coreLoadExecutor-5-thread-1] INFO  org.apache.solr.core.SolrResourceLoader  – Adding 'file:/home/shubhanshu/blacklight/search_app/jetty/solr/lib/contrib/analysis-extras/lib/morfologik-stemming-1.7.1.jar' to classloader
2768 [coreLoadExecutor-5-thread-1] INFO  org.apache.solr.core.SolrResourceLoader  – Adding 'file:/home/shubhanshu/blacklight/search_app/jetty/solr/lib/contrib/analysis-extras/lucene-libs/lucene-analyzers-stempel-4.9.0.jar' to classloader
2768 [coreLoadExecutor-5-thread-1] INFO  org.apache.solr.core.SolrResourceLoader  – Adding 'file:/home/shubhanshu/blacklight/search_app/jetty/solr/lib/contrib/analysis-extras/lucene-libs/lucene-analyzers-smartcn-4.9.0.jar' to classloader
2768 [coreLoadExecutor-5-thread-1] INFO  org.apache.solr.core.SolrResourceLoader  – Adding 'file:/home/shubhanshu/blacklight/search_app/jetty/solr/lib/contrib/analysis-extras/lucene-libs/lucene-analyzers-morfologik-4.9.0.jar' to classloader
2769 [coreLoadExecutor-5-thread-1] INFO  org.apache.solr.core.SolrResourceLoader  – Adding 'file:/home/shubhanshu/blacklight/search_app/jetty/solr/lib/contrib/analysis-extras/lucene-libs/lucene-analyzers-icu-4.9.0.jar' to classloader
2913 [coreLoadExecutor-5-thread-1] INFO  org.apache.solr.core.SolrConfig  – Using Lucene MatchVersion: LUCENE_4_0
3016 [coreLoadExecutor-5-thread-1] INFO  org.apache.solr.core.Config  – Loaded SolrConfig: solrconfig.xml
3022 [coreLoadExecutor-5-thread-1] INFO  org.apache.solr.schema.IndexSchema  – Reading Solr Schema from schema.xml
3087 [coreLoadExecutor-5-thread-1] INFO  org.apache.solr.schema.IndexSchema  – [blacklight-core] Schema name=Blacklight Demo Index
3326 [coreLoadExecutor-5-thread-1] WARN  org.apache.solr.core.SolrResourceLoader  – Solr loaded a deprecated plugin/analysis class [solr.IntField]. Please consult documentation how to replace it accordingly.
3330 [coreLoadExecutor-5-thread-1] WARN  org.apache.solr.core.SolrResourceLoader  – Solr loaded a deprecated plugin/analysis class [solr.LongField]. Please consult documentation how to replace it accordingly.
3334 [coreLoadExecutor-5-thread-1] WARN  org.apache.solr.core.SolrResourceLoader  – Solr loaded a deprecated plugin/analysis class [solr.FloatField]. Please consult documentation how to replace it accordingly.
3340 [coreLoadExecutor-5-thread-1] WARN  org.apache.solr.core.SolrResourceLoader  – Solr loaded a deprecated plugin/analysis class [solr.DoubleField]. Please consult documentation how to replace it accordingly.
3344 [coreLoadExecutor-5-thread-1] WARN  org.apache.solr.core.SolrResourceLoader  – Solr loaded a deprecated plugin/analysis class [solr.DateField]. Please consult documentation how to replace it accordingly.
3487 [coreLoadExecutor-5-thread-1] INFO  org.apache.solr.schema.IndexSchema  – default search field in schema is text
3489 [coreLoadExecutor-5-thread-1] INFO  org.apache.solr.schema.IndexSchema  – query parser default operator is OR
3490 [coreLoadExecutor-5-thread-1] INFO  org.apache.solr.schema.IndexSchema  – unique key field: id
4381 [coreLoadExecutor-5-thread-1] INFO  org.apache.solr.core.CoreContainer  – Creating SolrCore 'blacklight-core' using configuration from instancedir /home/shubhanshu/blacklight/search_app/jetty/solr/blacklight-core/
4397 [coreLoadExecutor-5-thread-1] INFO  org.apache.solr.core.SolrCore  – solr.StandardDirectoryFactory
4403 [coreLoadExecutor-5-thread-1] INFO  org.apache.solr.core.SolrCore  – [blacklight-core] Opening new SolrCore at /home/shubhanshu/blacklight/search_app/jetty/solr/blacklight-core/, dataDir=/home/shubhanshu/blacklight/search_app/jetty/solr/blacklight-core/data/
4403 [coreLoadExecutor-5-thread-1] INFO  org.apache.solr.core.SolrCore  – JMX monitoring not detected for core: blacklight-core
4413 [coreLoadExecutor-5-thread-1] INFO  org.apache.solr.core.CachingDirectoryFactory  – return new directory for /home/shubhanshu/blacklight/search_app/jetty/solr/blacklight-core/data
4414 [coreLoadExecutor-5-thread-1] INFO  org.apache.solr.core.SolrCore  – New index directory detected: old=null new=/home/shubhanshu/blacklight/search_app/jetty/solr/blacklight-core/data/index/
4415 [coreLoadExecutor-5-thread-1] WARN  org.apache.solr.core.SolrCore  – [blacklight-core] Solr index directory '/home/shubhanshu/blacklight/search_app/jetty/solr/blacklight-core/data/index' doesn't exist. Creating new index...
4422 [coreLoadExecutor-5-thread-1] INFO  org.apache.solr.core.CachingDirectoryFactory  – return new directory for /home/shubhanshu/blacklight/search_app/jetty/solr/blacklight-core/data/index
4659 [coreLoadExecutor-5-thread-1] INFO  org.apache.solr.core.SolrCore  – SolrDeletionPolicy.onCommit: commits: num=1
	commit{dir=/home/shubhanshu/blacklight/search_app/jetty/solr/blacklight-core/data/index,segFN=segments_1,generation=1}
4660 [coreLoadExecutor-5-thread-1] INFO  org.apache.solr.core.SolrCore  – newest commit generation = 1
4729 [coreLoadExecutor-5-thread-1] INFO  org.apache.solr.core.SolrCore  – no updateRequestProcessorChain defined as default, creating implicit default
4732 [coreLoadExecutor-5-thread-1] INFO  org.apache.solr.core.RequestHandlers  – adding lazy requestHandler: solr.ReplicationHandler
4733 [coreLoadExecutor-5-thread-1] INFO  org.apache.solr.core.RequestHandlers  – created /replication: solr.ReplicationHandler
4736 [coreLoadExecutor-5-thread-1] INFO  org.apache.solr.core.RequestHandlers  – created standard: solr.StandardRequestHandler
4736 [coreLoadExecutor-5-thread-1] INFO  org.apache.solr.core.RequestHandlers  – adding lazy requestHandler: solr.FieldAnalysisRequestHandler
4736 [coreLoadExecutor-5-thread-1] INFO  org.apache.solr.core.RequestHandlers  – created /analysis/field: solr.FieldAnalysisRequestHandler
4738 [coreLoadExecutor-5-thread-1] INFO  org.apache.solr.core.RequestHandlers  – created /update: solr.UpdateRequestHandler
4739 [coreLoadExecutor-5-thread-1] INFO  org.apache.solr.core.RequestHandlers  – created /admin/: org.apache.solr.handler.admin.AdminHandlers
4741 [coreLoadExecutor-5-thread-1] INFO  org.apache.solr.core.RequestHandlers  – created /admin/ping: solr.PingRequestHandler
4744 [coreLoadExecutor-5-thread-1] INFO  org.apache.solr.core.RequestHandlers  – created search: solr.SearchHandler
4745 [coreLoadExecutor-5-thread-1] INFO  org.apache.solr.core.RequestHandlers  – created document: solr.SearchHandler
4745 [coreLoadExecutor-5-thread-1] INFO  org.apache.solr.core.RequestHandlers  – created advanced: solr.SearchHandler
4758 [coreLoadExecutor-5-thread-1] INFO  org.apache.solr.handler.loader.XMLLoader  – xsltCacheLifetimeSeconds=60
4765 [coreLoadExecutor-5-thread-1] INFO  org.apache.solr.core.SolrCore  – Hard AutoCommit: disabled
4766 [coreLoadExecutor-5-thread-1] INFO  org.apache.solr.core.SolrCore  – Soft AutoCommit: disabled
4777 [coreLoadExecutor-5-thread-1] INFO  org.apache.solr.core.SolrCore  – SolrDeletionPolicy.onInit: commits: num=1
	commit{dir=/home/shubhanshu/blacklight/search_app/jetty/solr/blacklight-core/data/index,segFN=segments_1,generation=1}
4777 [coreLoadExecutor-5-thread-1] INFO  org.apache.solr.core.SolrCore  – newest commit generation = 1
4783 [coreLoadExecutor-5-thread-1] INFO  org.apache.solr.search.SolrIndexSearcher  – Opening Searcher@512dd097[blacklight-core] main
4789 [coreLoadExecutor-5-thread-1] INFO  org.apache.solr.rest.ManagedResourceStorage  – File-based storage initialized to use dir: /home/shubhanshu/blacklight/search_app/jetty/solr/blacklight-core/conf
4789 [coreLoadExecutor-5-thread-1] INFO  org.apache.solr.rest.RestManager  – Initializing RestManager with initArgs: {storageDir=/home/shubhanshu/blacklight/search_app/jetty/solr/blacklight-core/conf/}
4798 [coreLoadExecutor-5-thread-1] INFO  org.apache.solr.rest.ManagedResourceStorage  – Reading _rest_managed.json using file:dir=/home/shubhanshu/blacklight/search_app/jetty/solr/blacklight-core/conf
4798 [coreLoadExecutor-5-thread-1] WARN  org.apache.solr.rest.ManagedResource  – No stored data found for /rest/managed
4798 [coreLoadExecutor-5-thread-1] WARN  org.apache.solr.rest.ManagedResource  – No registered observers for /rest/managed
4799 [coreLoadExecutor-5-thread-1] INFO  org.apache.solr.rest.RestManager  – Initializing 0 registered ManagedResources
4799 [coreLoadExecutor-5-thread-1] INFO  org.apache.solr.handler.component.SpellCheckComponent  – Initializing spell checkers
5167 [coreLoadExecutor-5-thread-1] INFO  org.apache.solr.handler.component.SpellCheckComponent  – Registering newSearcher listener for spellchecker: default
5467 [coreLoadExecutor-5-thread-1] INFO  org.apache.solr.handler.component.SpellCheckComponent  – Registering newSearcher listener for spellchecker: author
5736 [coreLoadExecutor-5-thread-1] INFO  org.apache.solr.handler.component.SpellCheckComponent  – Registering newSearcher listener for spellchecker: subject
6036 [coreLoadExecutor-5-thread-1] INFO  org.apache.solr.handler.component.SpellCheckComponent  – Registering newSearcher listener for spellchecker: title
6036 [coreLoadExecutor-5-thread-1] INFO  org.apache.solr.handler.component.SpellCheckComponent  – No queryConverter defined, using default converter
6048 [searcherExecutor-6-thread-1] INFO  org.apache.solr.core.SolrCore  – [blacklight-core] Registered new searcher Searcher@512dd097[blacklight-core] main{StandardDirectoryReader(segments_1:1:nrt)}
6048 [coreLoadExecutor-5-thread-1] INFO  org.apache.solr.core.CoreContainer  – registering core: blacklight-core
6051 [main] INFO  org.apache.solr.servlet.SolrDispatchFilter  – user.dir=/home/shubhanshu/blacklight/search_app/jetty
6052 [main] INFO  org.apache.solr.servlet.SolrDispatchFilter  – SolrDispatchFilter.init() done
6128 [main] INFO  org.eclipse.jetty.server.AbstractConnector  – Started SocketConnector@0.0.0.0:8983
1309599 [qtp1193421098-17] INFO  /solr  – No JSP support.  Check that JSP jars are in lib/jsp and that the JSP option has been specified to start.jar
1311657 [qtp1193421098-19] INFO  org.apache.solr.update.processor.LogUpdateProcessor  – [blacklight-core] webapp=/solr path=/update params={wt=xml&version=2.2} {add=[00282214, 00282371, 00313831, 00314247, 43037890, 53029833, 77826928, 78908283, 79930185, 85910001, ... (30 adds)]} 0 774
1311797 [qtp1193421098-19] INFO  org.apache.solr.update.UpdateHandler  – start commit{,optimize=false,openSearcher=true,waitSearcher=true,expungeDeletes=false,softCommit=false,prepareCommit=false}
1313321 [qtp1193421098-19] INFO  org.apache.solr.core.SolrCore  – SolrDeletionPolicy.onCommit: commits: num=2
	commit{dir=/home/shubhanshu/blacklight/search_app/jetty/solr/blacklight-core/data/index,segFN=segments_1,generation=1}
	commit{dir=/home/shubhanshu/blacklight/search_app/jetty/solr/blacklight-core/data/index,segFN=segments_2,generation=2}
1313323 [qtp1193421098-19] INFO  org.apache.solr.core.SolrCore  – newest commit generation = 2
1313366 [qtp1193421098-19] INFO  org.apache.solr.search.SolrIndexSearcher  – Opening Searcher@6cc1ebfb[blacklight-core] main
1313368 [qtp1193421098-19] INFO  org.apache.solr.update.UpdateHandler  – end_commit_flush
1313370 [searcherExecutor-6-thread-1] INFO  org.apache.solr.handler.component.SpellCheckComponent  – Building spell index for spell checker: default
1314316 [searcherExecutor-6-thread-1] INFO  org.apache.solr.handler.component.SpellCheckComponent  – Building spell index for spell checker: author
1314984 [searcherExecutor-6-thread-1] INFO  org.apache.solr.handler.component.SpellCheckComponent  – Building spell index for spell checker: subject
1315564 [searcherExecutor-6-thread-1] INFO  org.apache.solr.handler.component.SpellCheckComponent  – Building spell index for spell checker: title
1316111 [searcherExecutor-6-thread-1] INFO  org.apache.solr.core.SolrCore  – [blacklight-core] Registered new searcher Searcher@6cc1ebfb[blacklight-core] main{StandardDirectoryReader(segments_2:3:nrt _0(4.9):C30)}
1316113 [qtp1193421098-19] INFO  org.apache.solr.update.processor.LogUpdateProcessor  – [blacklight-core] webapp=/solr path=/update params={waitSearcher=true&commit=true&wt=xml&waitFlush=true&version=2.2} {commit=} 0 4317
1378201 [qtp1193421098-14] INFO  org.apache.solr.core.SolrCore  – UnInverted multi-valued field {field=pub_date,memSize=4548,tindexSize=44,time=1,phase1=1,nTerms=22,bigTerms=1,termInstances=26,uses=0}
1378206 [qtp1193421098-14] INFO  org.apache.solr.core.SolrCore  – UnInverted multi-valued field {field=subject_topic_facet,memSize=4473,tindexSize=58,time=1,phase1=1,nTerms=45,bigTerms=0,termInstances=50,uses=0}
1378207 [qtp1193421098-14] INFO  org.apache.solr.core.SolrCore  – UnInverted multi-valued field {field=language_facet,memSize=4553,tindexSize=46,time=0,phase1=0,nTerms=12,bigTerms=1,termInstances=25,uses=0}
1378208 [qtp1193421098-14] INFO  org.apache.solr.core.SolrCore  – UnInverted multi-valued field {field=lc_1letter_facet,memSize=4949,tindexSize=76,time=0,phase1=0,nTerms=9,bigTerms=4,termInstances=8,uses=0}
1378210 [qtp1193421098-14] INFO  org.apache.solr.core.SolrCore  – UnInverted multi-valued field {field=subject_geo_facet,memSize=4465,tindexSize=57,time=0,phase1=0,nTerms=20,bigTerms=0,termInstances=23,uses=0}
1378211 [qtp1193421098-14] INFO  org.apache.solr.core.SolrCore  – UnInverted multi-valued field {field=subject_era_facet,memSize=4453,tindexSize=45,time=0,phase1=0,nTerms=6,bigTerms=0,termInstances=10,uses=0}
1378219 [qtp1193421098-14] INFO  org.apache.solr.core.SolrCore  – [blacklight-core] webapp=/solr path=/select params={facet=true&sort=score+desc,+pub_date_sort+desc,+title_sort+asc&facet.query=pub_date:[2010+TO+*]&facet.query=pub_date:[2005+TO+*]&facet.query=pub_date:[1990+TO+*]&f.subject_topic_facet.facet.limit=21&f.language_facet.facet.limit=11&facet.field=format&facet.field={!ex%3Dpub_date_single}pub_date&facet.field=subject_topic_facet&facet.field=language_facet&facet.field=lc_1letter_facet&facet.field=subject_geo_facet&facet.field=subject_era_facet&qt=search&wt=ruby&facet.pivot=format,language_facet&rows=10} hits=30 status=0 QTime=254 
2333229 [qtp1193421098-14] INFO  org.apache.solr.core.SolrCore  – [blacklight-core] webapp=/solr path=/select params={facet=true&sort=score+desc,+pub_date_sort+desc,+title_sort+asc&facet.query=pub_date:[2010+TO+*]&facet.query=pub_date:[2005+TO+*]&facet.query=pub_date:[1990+TO+*]&f.subject_topic_facet.facet.limit=21&f.language_facet.facet.limit=11&facet.field=format&facet.field={!ex%3Dpub_date_single}pub_date&facet.field=subject_topic_facet&facet.field=language_facet&facet.field=lc_1letter_facet&facet.field=subject_geo_facet&facet.field=subject_era_facet&qt=search&wt=ruby&facet.pivot=format,language_facet&rows=10} hits=30 status=0 QTime=36 
2490813 [qtp1193421098-19] INFO  org.apache.solr.core.SolrCore  – [blacklight-core] webapp=/solr path=/select params={facet=true&sort=score+desc,+pub_date_sort+desc,+title_sort+asc&facet.query=pub_date:[2010+TO+*]&facet.query=pub_date:[2005+TO+*]&facet.query=pub_date:[1990+TO+*]&f.subject_topic_facet.facet.limit=21&f.language_facet.facet.limit=11&facet.field=format&facet.field={!ex%3Dpub_date_single}pub_date&facet.field=subject_topic_facet&facet.field=language_facet&facet.field=lc_1letter_facet&facet.field=subject_geo_facet&facet.field=subject_era_facet&qt=search&wt=ruby&facet.pivot=format,language_facet&rows=10} hits=30 status=0 QTime=13 
2717748 [qtp1193421098-17] INFO  org.apache.solr.core.SolrCore  – [blacklight-core] webapp=/solr path=/select params={facet=true&sort=score+desc,+pub_date_sort+desc,+title_sort+asc&facet.query=pub_date:[2010+TO+*]&facet.query=pub_date:[2005+TO+*]&facet.query=pub_date:[1990+TO+*]&f.subject_topic_facet.facet.limit=21&f.language_facet.facet.limit=11&facet.field=format&facet.field={!ex%3Dpub_date_single}pub_date&facet.field=subject_topic_facet&facet.field=language_facet&facet.field=lc_1letter_facet&facet.field=subject_geo_facet&facet.field=subject_era_facet&qt=search&wt=ruby&facet.pivot=format,language_facet&rows=10} hits=30 status=0 QTime=11 
2751980 [qtp1193421098-14] INFO  org.apache.solr.core.SolrCore  – [blacklight-core] webapp=/solr path=/select params={facet=true&sort=score+desc,+pub_date_sort+desc,+title_sort+asc&facet.query=pub_date:[2010+TO+*]&facet.query=pub_date:[2005+TO+*]&facet.query=pub_date:[1990+TO+*]&f.subject_topic_facet.facet.limit=21&f.language_facet.facet.limit=11&facet.field=format&facet.field={!ex%3Dpub_date_single}pub_date&facet.field=subject_topic_facet&facet.field=language_facet&facet.field=lc_1letter_facet&facet.field=subject_geo_facet&facet.field=subject_era_facet&qt=search&wt=ruby&facet.pivot=format,language_facet&rows=10} hits=30 status=0 QTime=12 
2762187 [qtp1193421098-10] INFO  org.apache.solr.core.SolrCore  – [blacklight-core] webapp=/solr path=/select params={facet=true&sort=score+desc,+pub_date_sort+desc,+title_sort+asc&facet.query=pub_date:[2010+TO+*]&facet.query=pub_date:[2005+TO+*]&facet.query=pub_date:[1990+TO+*]&f.subject_topic_facet.facet.limit=21&f.language_facet.facet.limit=11&facet.field=format&facet.field={!ex%3Dpub_date_single}pub_date&facet.field=subject_topic_facet&facet.field=language_facet&facet.field=lc_1letter_facet&facet.field=subject_geo_facet&facet.field=subject_era_facet&qt=search&wt=ruby&facet.pivot=format,language_facet&rows=10} hits=30 status=0 QTime=11 
2777337 [qtp1193421098-17] INFO  org.apache.solr.core.SolrCore  – [blacklight-core] webapp=/solr path=/select params={facet=true&sort=score+desc,+pub_date_sort+desc,+title_sort+asc&facet.query=pub_date:[2010+TO+*]&facet.query=pub_date:[2005+TO+*]&facet.query=pub_date:[1990+TO+*]&f.subject_topic_facet.facet.limit=21&f.language_facet.facet.limit=11&facet.field=format&facet.field={!ex%3Dpub_date_single}pub_date&facet.field=subject_topic_facet&facet.field=language_facet&facet.field=lc_1letter_facet&facet.field=subject_geo_facet&facet.field=subject_era_facet&qt=search&wt=ruby&facet.pivot=format,language_facet&rows=10} hits=30 status=0 QTime=11 
2790609 [qtp1193421098-19] INFO  org.apache.solr.core.SolrCore  – [blacklight-core] webapp=/solr path=/select params={facet=true&sort=score+desc,+pub_date_sort+desc,+title_sort+asc&facet.query=pub_date:[2010+TO+*]&facet.query=pub_date:[2005+TO+*]&facet.query=pub_date:[1990+TO+*]&f.subject_topic_facet.facet.limit=21&f.language_facet.facet.limit=11&facet.field=format&facet.field={!ex%3Dpub_date_single}pub_date&facet.field=subject_topic_facet&facet.field=language_facet&facet.field=lc_1letter_facet&facet.field=subject_geo_facet&facet.field=subject_era_facet&qt=search&wt=ruby&facet.pivot=format,language_facet&rows=10} hits=30 status=0 QTime=9 
3435557 [qtp1193421098-17] INFO  org.apache.solr.core.SolrCore  – [blacklight-core] webapp=/solr path=/select params={facet=true&sort=score+desc,+pub_date_sort+desc,+title_sort+asc&facet.query=pub_date:[2010+TO+*]&facet.query=pub_date:[2005+TO+*]&facet.query=pub_date:[1990+TO+*]&f.subject_topic_facet.facet.limit=21&f.language_facet.facet.limit=11&facet.field=format&facet.field={!ex%3Dpub_date_single}pub_date&facet.field=subject_topic_facet&facet.field=language_facet&facet.field=lc_1letter_facet&facet.field=subject_geo_facet&facet.field=subject_era_facet&qt=search&wt=ruby&facet.pivot=format,language_facet&rows=10} hits=30 status=0 QTime=14 
3522816 [qtp1193421098-14] INFO  org.apache.solr.core.SolrCore  – [blacklight-core] webapp=/solr path=/select params={facet=true&sort=score+desc,+pub_date_sort+desc,+title_sort+asc&facet.query=pub_date:[2010+TO+*]&facet.query=pub_date:[2005+TO+*]&facet.query=pub_date:[1990+TO+*]&f.subject_topic_facet.facet.limit=21&f.language_facet.facet.limit=11&facet.field=format&facet.field={!ex%3Dpub_date_single}pub_date&facet.field=subject_topic_facet&facet.field=language_facet&facet.field=lc_1letter_facet&facet.field=subject_geo_facet&facet.field=subject_era_facet&qt=search&wt=ruby&facet.pivot=format,language_facet&rows=10} hits=30 status=0 QTime=10 
3531878 [qtp1193421098-13] INFO  org.apache.solr.core.SolrCore  – [blacklight-core] webapp=/solr path=/select params={facet=true&sort=score+desc,+pub_date_sort+desc,+title_sort+asc&facet.query=pub_date:[2010+TO+*]&facet.query=pub_date:[2005+TO+*]&facet.query=pub_date:[1990+TO+*]&f.subject_topic_facet.facet.limit=21&f.language_facet.facet.limit=11&facet.field=format&facet.field={!ex%3Dpub_date_single}pub_date&facet.field=subject_topic_facet&facet.field=language_facet&facet.field=lc_1letter_facet&facet.field=subject_geo_facet&facet.field=subject_era_facet&qt=search&wt=ruby&facet.pivot=format,language_facet&rows=10} hits=30 status=0 QTime=22 
